<?xml version="1.0" encoding="UTF-8"?>
<testng-results skipped="0" failed="0" ignored="0" total="1" passed="1">
  <reporter-output>
  </reporter-output>
  <suite name="Default suite" duration-ms="18549" started-at="2018-11-01T05:20:48Z" finished-at="2018-11-01T05:21:07Z">
    <groups>
    </groups>
    <test name="Default test" duration-ms="18549" started-at="2018-11-01T05:20:48Z" finished-at="2018-11-01T05:21:07Z">
      <class name="CoverNote.CoverNote_V_I.testRun">
        <test-method status="PASS" signature="setup()[pri:0, instance:CoverNote.CoverNote_V_I.testRun@4883b407]" name="setup" is-config="true" duration-ms="8417" started-at="2018-11-01T05:20:48Z" finished-at="2018-11-01T05:20:56Z">
          <reporter-output>
          </reporter-output>
        </test-method> <!-- setup -->
        <test-method status="PASS" signature="coverNOteDetails()[pri:0, instance:CoverNote.CoverNote_V_I.testRun@4883b407]" name="coverNOteDetails" duration-ms="10096" started-at="2018-11-01T05:20:56Z" finished-at="2018-11-01T05:21:07Z">
          <reporter-output>
          </reporter-output>
        </test-method> <!-- coverNOteDetails -->
      </class> <!-- CoverNote.CoverNote_V_I.testRun -->
    </test> <!-- Default test -->
  </suite> <!-- Default suite -->
</testng-results>
