<?xml version="1.0" encoding="UTF-8"?>
<testng-results skipped="0" failed="0" ignored="0" total="1" passed="1">
  <reporter-output>
  </reporter-output>
  <suite name="Default suite" duration-ms="23271" started-at="2018-10-31T05:51:09Z" finished-at="2018-10-31T05:51:32Z">
    <groups>
    </groups>
    <test name="Default test" duration-ms="23271" started-at="2018-10-31T05:51:09Z" finished-at="2018-10-31T05:51:32Z">
      <class name="CoverNote.CoverNote_V_I.testRun">
        <test-method status="PASS" signature="setup()[pri:0, instance:CoverNote.CoverNote_V_I.testRun@61832929]" name="setup" is-config="true" duration-ms="15945" started-at="2018-10-31T05:51:09Z" finished-at="2018-10-31T05:51:25Z">
          <reporter-output>
          </reporter-output>
        </test-method> <!-- setup -->
        <test-method status="PASS" signature="coverNOteDetails()[pri:0, instance:CoverNote.CoverNote_V_I.testRun@61832929]" name="coverNOteDetails" duration-ms="7285" started-at="2018-10-31T05:51:25Z" finished-at="2018-10-31T05:51:32Z">
          <reporter-output>
          </reporter-output>
        </test-method> <!-- coverNOteDetails -->
      </class> <!-- CoverNote.CoverNote_V_I.testRun -->
    </test> <!-- Default test -->
  </suite> <!-- Default suite -->
</testng-results>
